[curator] warning: failed to warm truth table (Error Domain=NSURLErrorDomain Code=-1003 "A server with the specified hostname could not be found." UserInfo={_kCFStreamErrorCodeKey=8, NSUnderlyingError=0x600001969410 {Error Domain=kCFErrorDomainCFNetwork Code=-1003 "(null)" UserInfo={_kCFStreamErrorDomainKey=12, _kCFStreamErrorCodeKey=8, _NSURLErrorNWResolutionReportKey=Resolved 0 endpoints in 137ms using unknown from query, _NSURLErrorNWPathKey=satisfied (Path is satisfied), viable, interface: en0[802.11], ipv4, ipv6, dns, uses wifi}}, _NSURLErrorFailingURLSessionTaskErrorKey=LocalDataTask <A9D430A3-AC91-4913-9498-3390E8F92031>.<1>, _NSURLErrorRelatedURLSessionTaskErrorKey=(
    "LocalDataTask <A9D430A3-AC91-4913-9498-3390E8F92031>.<1>"
), NSLocalizedDescription=A server with the specified hostname could not be found., NSErrorFailingURLStringKey=http://curator.fountain.coach/api/v1/truth-table, NSErrorFailingURLKey=http://curator.fountain.coach/api/v1/truth-table, _kCFStreamErrorDomainKey=12})
[curator] warning: failed to warm truth table (Error Domain=NSURLErrorDomain Code=-1003 "A server with the specified hostname could not be found." UserInfo={_kCFStreamErrorCodeKey=8, NSUnderlyingError=0x6000019793b0 {Error Domain=kCFErrorDomainCFNetwork Code=-1003 "(null)" UserInfo={_kCFStreamErrorDomainKey=12, _kCFStreamErrorCodeKey=8, _NSURLErrorNWResolutionReportKey=Resolved 0 endpoints in 2ms using unknown from cache, _NSURLErrorNWPathKey=satisfied (Path is satisfied), viable, interface: en0[802.11], ipv4, ipv6, dns, uses wifi}}, _NSURLErrorFailingURLSessionTaskErrorKey=LocalDataTask <0DC4D33E-C197-488B-86A4-367322BBBADB>.<2>, _NSURLErrorRelatedURLSessionTaskErrorKey=(
    "LocalDataTask <0DC4D33E-C197-488B-86A4-367322BBBADB>.<2>"
), NSLocalizedDescription=A server with the specified hostname could not be found., NSErrorFailingURLStringKey=http://curator.fountain.coach/api/v1/truth-table, NSErrorFailingURLKey=http://curator.fountain.coach/api/v1/truth-table, _kCFStreamErrorDomainKey=12})
[curator] warning: failed to warm truth table (Error Domain=NSURLErrorDomain Code=-1003 "A server with the specified hostname could not be found." UserInfo={_kCFStreamErrorCodeKey=8, NSUnderlyingError=0x600001976c40 {Error Domain=kCFErrorDomainCFNetwork Code=-1003 "(null)" UserInfo={_kCFStreamErrorDomainKey=12, _kCFStreamErrorCodeKey=8, _NSURLErrorNWResolutionReportKey=Resolved 0 endpoints in 70ms using unknown from cache, _NSURLErrorNWPathKey=satisfied (Path is satisfied), viable, interface: en0[802.11], ipv4, ipv6, dns, uses wifi}}, _NSURLErrorFailingURLSessionTaskErrorKey=LocalDataTask <CF3C1AF7-FD73-4A68-8F7E-ED10DBA6759D>.<3>, _NSURLErrorRelatedURLSessionTaskErrorKey=(
    "LocalDataTask <CF3C1AF7-FD73-4A68-8F7E-ED10DBA6759D>.<3>"
), NSLocalizedDescription=A server with the specified hostname could not be found., NSErrorFailingURLStringKey=http://curator.fountain.coach/api/v1/truth-table, NSErrorFailingURLKey=http://curator.fountain.coach/api/v1/truth-table, _kCFStreamErrorDomainKey=12})
[curator] warning: failed to warm truth table (Error Domain=NSURLErrorDomain Code=-1003 "A server with the specified hostname could not be found." UserInfo={_kCFStreamErrorCodeKey=8, NSUnderlyingError=0x600001976070 {Error Domain=kCFErrorDomainCFNetwork Code=-1003 "(null)" UserInfo={_kCFStreamErrorDomainKey=12, _kCFStreamErrorCodeKey=8, _NSURLErrorNWResolutionReportKey=Resolved 0 endpoints in 1ms using unknown from cache, _NSURLErrorNWPathKey=satisfied (Path is satisfied), viable, interface: en0[802.11], ipv4, ipv6, dns, uses wifi}}, _NSURLErrorFailingURLSessionTaskErrorKey=LocalDataTask <D38F62E1-31CC-4161-8373-1D2D5091FBEF>.<4>, _NSURLErrorRelatedURLSessionTaskErrorKey=(
    "LocalDataTask <D38F62E1-31CC-4161-8373-1D2D5091FBEF>.<4>"
), NSLocalizedDescription=A server with the specified hostname could not be found., NSErrorFailingURLStringKey=http://curator.fountain.coach/api/v1/truth-table, NSErrorFailingURLKey=http://curator.fountain.coach/api/v1/truth-table, _kCFStreamErrorDomainKey=12})
[curator] warning: failed to warm truth table (Error Domain=NSURLErrorDomain Code=-1003 "A server with the specified hostname could not be found." UserInfo={_kCFStreamErrorCodeKey=8, NSUnderlyingError=0x600001969f20 {Error Domain=kCFErrorDomainCFNetwork Code=-1003 "(null)" UserInfo={_kCFStreamErrorDomainKey=12, _kCFStreamErrorCodeKey=8, _NSURLErrorNWResolutionReportKey=Resolved 0 endpoints in 0ms using unknown from cache, _NSURLErrorNWPathKey=satisfied (Path is satisfied), viable, interface: en0[802.11], ipv4, ipv6, dns, uses wifi}}, _NSURLErrorFailingURLSessionTaskErrorKey=LocalDataTask <E7C048F9-6994-4FD0-AF7A-D72C61445349>.<5>, _NSURLErrorRelatedURLSessionTaskErrorKey=(
    "LocalDataTask <E7C048F9-6994-4FD0-AF7A-D72C61445349>.<5>"
), NSLocalizedDescription=A server with the specified hostname could not be found., NSErrorFailingURLStringKey=http://curator.fountain.coach/api/v1/truth-table, NSErrorFailingURLKey=http://curator.fountain.coach/api/v1/truth-table, _kCFStreamErrorDomainKey=12})
[curator] warning: failed to warm truth table (Error Domain=NSURLErrorDomain Code=-1003 "A server with the specified hostname could not be found." UserInfo={_kCFStreamErrorCodeKey=8, NSUnderlyingError=0x600001968c60 {Error Domain=kCFErrorDomainCFNetwork Code=-1003 "(null)" UserInfo={_kCFStreamErrorDomainKey=12, _kCFStreamErrorCodeKey=8, _NSURLErrorNWResolutionReportKey=Resolved 0 endpoints in 0ms using unknown from cache, _NSURLErrorNWPathKey=satisfied (Path is satisfied), viable, interface: en0[802.11], ipv4, ipv6, dns, uses wifi}}, _NSURLErrorFailingURLSessionTaskErrorKey=LocalDataTask <C8706681-B91F-41E2-95E1-C355015FED45>.<6>, _NSURLErrorRelatedURLSessionTaskErrorKey=(
    "LocalDataTask <C8706681-B91F-41E2-95E1-C355015FED45>.<6>"
), NSLocalizedDescription=A server with the specified hostname could not be found., NSErrorFailingURLStringKey=http://curator.fountain.coach/api/v1/truth-table, NSErrorFailingURLKey=http://curator.fountain.coach/api/v1/truth-table, _kCFStreamErrorDomainKey=12})
[curator] warning: failed to warm truth table (Error Domain=NSURLErrorDomain Code=-1003 "A server with the specified hostname could not be found." UserInfo={_kCFStreamErrorCodeKey=8, NSUnderlyingError=0x600001968960 {Error Domain=kCFErrorDomainCFNetwork Code=-1003 "(null)" UserInfo={_kCFStreamErrorDomainKey=12, _kCFStreamErrorCodeKey=8, _NSURLErrorNWResolutionReportKey=Resolved 0 endpoints in 1ms using unknown from cache, _NSURLErrorNWPathKey=satisfied (Path is satisfied), viable, interface: en0[802.11], ipv4, ipv6, dns, uses wifi}}, _NSURLErrorFailingURLSessionTaskErrorKey=LocalDataTask <F6B1657D-EF34-47D6-9F63-71A3A8C7CE79>.<7>, _NSURLErrorRelatedURLSessionTaskErrorKey=(
    "LocalDataTask <F6B1657D-EF34-47D6-9F63-71A3A8C7CE79>.<7>"
), NSLocalizedDescription=A server with the specified hostname could not be found., NSErrorFailingURLStringKey=http://curator.fountain.coach/api/v1/truth-table, NSErrorFailingURLKey=http://curator.fountain.coach/api/v1/truth-table, _kCFStreamErrorDomainKey=12})
[curator] warning: failed to warm truth table (Error Domain=NSURLErrorDomain Code=-1003 "A server with the specified hostname could not be found." UserInfo={_kCFStreamErrorCodeKey=8, NSUnderlyingError=0x60000197a5e0 {Error Domain=kCFErrorDomainCFNetwork Code=-1003 "(null)" UserInfo={_kCFStreamErrorDomainKey=12, _kCFStreamErrorCodeKey=8, _NSURLErrorNWResolutionReportKey=Resolved 0 endpoints in 1ms using unknown from cache, _NSURLErrorNWPathKey=satisfied (Path is satisfied), viable, interface: en0[802.11], ipv4, ipv6, dns, uses wifi}}, _NSURLErrorFailingURLSessionTaskErrorKey=LocalDataTask <A44EA5C9-ED10-47F6-B2FD-CC4FFCE00569>.<8>, _NSURLErrorRelatedURLSessionTaskErrorKey=(
    "LocalDataTask <A44EA5C9-ED10-47F6-B2FD-CC4FFCE00569>.<8>"
), NSLocalizedDescription=A server with the specified hostname could not be found., NSErrorFailingURLStringKey=http://curator.fountain.coach/api/v1/truth-table, NSErrorFailingURLKey=http://curator.fountain.coach/api/v1/truth-table, _kCFStreamErrorDomainKey=12})
[curator] warning: failed to warm truth table (Error Domain=NSURLErrorDomain Code=-1003 "A server with the specified hostname could not be found." UserInfo={_kCFStreamErrorCodeKey=8, NSUnderlyingError=0x600001968c60 {Error Domain=kCFErrorDomainCFNetwork Code=-1003 "(null)" UserInfo={_kCFStreamErrorDomainKey=12, _kCFStreamErrorCodeKey=8, _NSURLErrorNWResolutionReportKey=Resolved 0 endpoints in 1ms using unknown from cache, _NSURLErrorNWPathKey=satisfied (Path is satisfied), viable, interface: en0[802.11], ipv4, ipv6, dns, uses wifi}}, _NSURLErrorFailingURLSessionTaskErrorKey=LocalDataTask <9F915EA1-6B22-4334-B6B9-85DADA5D0B9C>.<9>, _NSURLErrorRelatedURLSessionTaskErrorKey=(
    "LocalDataTask <9F915EA1-6B22-4334-B6B9-85DADA5D0B9C>.<9>"
), NSLocalizedDescription=A server with the specified hostname could not be found., NSErrorFailingURLStringKey=http://curator.fountain.coach/api/v1/truth-table, NSErrorFailingURLKey=http://curator.fountain.coach/api/v1/truth-table, _kCFStreamErrorDomainKey=12})
[curator] warning: failed to warm truth table (Error Domain=NSURLErrorDomain Code=-1003 "A server with the specified hostname could not be found." UserInfo={_kCFStreamErrorCodeKey=8, NSUnderlyingError=0x60000196c000 {Error Domain=kCFErrorDomainCFNetwork Code=-1003 "(null)" UserInfo={_kCFStreamErrorDomainKey=12, _kCFStreamErrorCodeKey=8, _NSURLErrorNWResolutionReportKey=Resolved 0 endpoints in 1ms using unknown from cache, _NSURLErrorNWPathKey=satisfied (Path is satisfied), viable, interface: en0[802.11], ipv4, ipv6, dns, uses wifi}}, _NSURLErrorFailingURLSessionTaskErrorKey=LocalDataTask <3E334D2C-B3E3-4991-9175-B63BAAB0CA69>.<10>, _NSURLErrorRelatedURLSessionTaskErrorKey=(
    "LocalDataTask <3E334D2C-B3E3-4991-9175-B63BAAB0CA69>.<10>"
), NSLocalizedDescription=A server with the specified hostname could not be found., NSErrorFailingURLStringKey=http://curator.fountain.coach/api/v1/truth-table, NSErrorFailingURLKey=http://curator.fountain.coach/api/v1/truth-table, _kCFStreamErrorDomainKey=12})
[curator] warning: failed to warm truth table (Error Domain=NSURLErrorDomain Code=-1003 "A server with the specified hostname could not be found." UserInfo={_kCFStreamErrorCodeKey=8, NSUnderlyingError=0x6000019642a0 {Error Domain=kCFErrorDomainCFNetwork Code=-1003 "(null)" UserInfo={_kCFStreamErrorDomainKey=12, _kCFStreamErrorCodeKey=8, _NSURLErrorNWResolutionReportKey=Resolved 0 endpoints in 1ms using unknown from cache, _NSURLErrorNWPathKey=satisfied (Path is satisfied), viable, interface: en0[802.11], ipv4, ipv6, dns, uses wifi}}, _NSURLErrorFailingURLSessionTaskErrorKey=LocalDataTask <61473661-D90A-4E62-B53C-1B3CBC44F9E4>.<11>, _NSURLErrorRelatedURLSessionTaskErrorKey=(
    "LocalDataTask <61473661-D90A-4E62-B53C-1B3CBC44F9E4>.<11>"
), NSLocalizedDescription=A server with the specified hostname could not be found., NSErrorFailingURLStringKey=http://curator.fountain.coach/api/v1/truth-table, NSErrorFailingURLKey=http://curator.fountain.coach/api/v1/truth-table, _kCFStreamErrorDomainKey=12})
[curator] warning: failed to warm truth table (Error Domain=NSURLErrorDomain Code=-1003 "A server with the specified hostname could not be found." UserInfo={_kCFStreamErrorCodeKey=8, NSUnderlyingError=0x600001950060 {Error Domain=kCFErrorDomainCFNetwork Code=-1003 "(null)" UserInfo={_kCFStreamErrorDomainKey=12, _kCFStreamErrorCodeKey=8, _NSURLErrorNWResolutionReportKey=Resolved 0 endpoints in 46ms using unknown from cache, _NSURLErrorNWPathKey=satisfied (Path is satisfied), viable, interface: en0[802.11], ipv4, ipv6, dns, uses wifi}}, _NSURLErrorFailingURLSessionTaskErrorKey=LocalDataTask <7A3D7DC0-F340-48C4-BA06-2FDC997F0164>.<12>, _NSURLErrorRelatedURLSessionTaskErrorKey=(
    "LocalDataTask <7A3D7DC0-F340-48C4-BA06-2FDC997F0164>.<12>"
), NSLocalizedDescription=A server with the specified hostname could not be found., NSErrorFailingURLStringKey=http://curator.fountain.coach/api/v1/truth-table, NSErrorFailingURLKey=http://curator.fountain.coach/api/v1/truth-table, _kCFStreamErrorDomainKey=12})
[curator] warning: failed to warm truth table (Error Domain=NSURLErrorDomain Code=-1003 "A server with the specified hostname could not be found." UserInfo={_kCFStreamErrorCodeKey=8, NSUnderlyingError=0x60000196a4f0 {Error Domain=kCFErrorDomainCFNetwork Code=-1003 "(null)" UserInfo={_kCFStreamErrorDomainKey=12, _kCFStreamErrorCodeKey=8, _NSURLErrorNWResolutionReportKey=Resolved 0 endpoints in 0ms using unknown from cache, _NSURLErrorNWPathKey=satisfied (Path is satisfied), viable, interface: en0[802.11], ipv4, ipv6, dns, uses wifi}}, _NSURLErrorFailingURLSessionTaskErrorKey=LocalDataTask <D1B0641C-4A1C-4C7F-98FE-040B88139020>.<13>, _NSURLErrorRelatedURLSessionTaskErrorKey=(
    "LocalDataTask <D1B0641C-4A1C-4C7F-98FE-040B88139020>.<13>"
), NSLocalizedDescription=A server with the specified hostname could not be found., NSErrorFailingURLStringKey=http://curator.fountain.coach/api/v1/truth-table, NSErrorFailingURLKey=http://curator.fountain.coach/api/v1/truth-table, _kCFStreamErrorDomainKey=12})
[curator] warning: failed to warm truth table (Error Domain=NSURLErrorDomain Code=-1003 "A server with the specified hostname could not be found." UserInfo={_kCFStreamErrorCodeKey=8, NSUnderlyingError=0x600001978870 {Error Domain=kCFErrorDomainCFNetwork Code=-1003 "(null)" UserInfo={_kCFStreamErrorDomainKey=12, _kCFStreamErrorCodeKey=8, _NSURLErrorNWResolutionReportKey=Resolved 0 endpoints in 185ms using unknown from cache, _NSURLErrorNWPathKey=satisfied (Path is satisfied), viable, interface: en0[802.11], ipv4, ipv6, dns, uses wifi}}, _NSURLErrorFailingURLSessionTaskErrorKey=LocalDataTask <FB76C1F7-4D47-4DFD-9470-B93C446A9BDB>.<14>, _NSURLErrorRelatedURLSessionTaskErrorKey=(
    "LocalDataTask <FB76C1F7-4D47-4DFD-9470-B93C446A9BDB>.<14>"
), NSLocalizedDescription=A server with the specified hostname could not be found., NSErrorFailingURLStringKey=http://curator.fountain.coach/api/v1/truth-table, NSErrorFailingURLKey=http://curator.fountain.coach/api/v1/truth-table, _kCFStreamErrorDomainKey=12})
[curator] warning: failed to warm truth table (Error Domain=NSURLErrorDomain Code=-1003 "A server with the specified hostname could not be found." UserInfo={_kCFStreamErrorCodeKey=8, NSUnderlyingError=0x600001968e40 {Error Domain=kCFErrorDomainCFNetwork Code=-1003 "(null)" UserInfo={_kCFStreamErrorDomainKey=12, _kCFStreamErrorCodeKey=8, _NSURLErrorNWResolutionReportKey=Resolved 0 endpoints in 0ms using unknown from cache, _NSURLErrorNWPathKey=satisfied (Path is satisfied), viable, interface: en0[802.11], ipv4, ipv6, dns, uses wifi}}, _NSURLErrorFailingURLSessionTaskErrorKey=LocalDataTask <EE89FD69-0E36-4D69-970F-7A1EDF308B57>.<15>, _NSURLErrorRelatedURLSessionTaskErrorKey=(
    "LocalDataTask <EE89FD69-0E36-4D69-970F-7A1EDF308B57>.<15>"
), NSLocalizedDescription=A server with the specified hostname could not be found., NSErrorFailingURLStringKey=http://curator.fountain.coach/api/v1/truth-table, NSErrorFailingURLKey=http://curator.fountain.coach/api/v1/truth-table, _kCFStreamErrorDomainKey=12})
[curator] warning: failed to warm truth table (Error Domain=NSURLErrorDomain Code=-1003 "A server with the specified hostname could not be found." UserInfo={_kCFStreamErrorCodeKey=8, NSUnderlyingError=0x60000197bed0 {Error Domain=kCFErrorDomainCFNetwork Code=-1003 "(null)" UserInfo={_kCFStreamErrorDomainKey=12, _kCFStreamErrorCodeKey=8, _NSURLErrorNWResolutionReportKey=Resolved 0 endpoints in 45ms using unknown from cache, _NSURLErrorNWPathKey=satisfied (Path is satisfied), viable, interface: en0[802.11], ipv4, ipv6, dns, uses wifi}}, _NSURLErrorFailingURLSessionTaskErrorKey=LocalDataTask <21085EBE-89B3-4C8A-8DF7-4C1F399B1DBB>.<16>, _NSURLErrorRelatedURLSessionTaskErrorKey=(
    "LocalDataTask <21085EBE-89B3-4C8A-8DF7-4C1F399B1DBB>.<16>"
), NSLocalizedDescription=A server with the specified hostname could not be found., NSErrorFailingURLStringKey=http://curator.fountain.coach/api/v1/truth-table, NSErrorFailingURLKey=http://curator.fountain.coach/api/v1/truth-table, _kCFStreamErrorDomainKey=12})
[curator] warning: failed to warm truth table (Error Domain=NSURLErrorDomain Code=-1003 "A server with the specified hostname could not be found." UserInfo={_kCFStreamErrorCodeKey=8, NSUnderlyingError=0x600001979410 {Error Domain=kCFErrorDomainCFNetwork Code=-1003 "(null)" UserInfo={_kCFStreamErrorDomainKey=12, _kCFStreamErrorCodeKey=8, _NSURLErrorNWResolutionReportKey=Resolved 0 endpoints in 1ms using unknown from cache, _NSURLErrorNWPathKey=satisfied (Path is satisfied), viable, interface: en0[802.11], ipv4, ipv6, dns, uses wifi}}, _NSURLErrorFailingURLSessionTaskErrorKey=LocalDataTask <CF14DF15-B7E6-4AE8-9E12-46BB9781429B>.<17>, _NSURLErrorRelatedURLSessionTaskErrorKey=(
    "LocalDataTask <CF14DF15-B7E6-4AE8-9E12-46BB9781429B>.<17>"
), NSLocalizedDescription=A server with the specified hostname could not be found., NSErrorFailingURLStringKey=http://curator.fountain.coach/api/v1/truth-table, NSErrorFailingURLKey=http://curator.fountain.coach/api/v1/truth-table, _kCFStreamErrorDomainKey=12})
[curator] warning: failed to warm truth table (Error Domain=NSURLErrorDomain Code=-1003 "A server with the specified hostname could not be found." UserInfo={_kCFStreamErrorCodeKey=8, NSUnderlyingError=0x600001969f50 {Error Domain=kCFErrorDomainCFNetwork Code=-1003 "(null)" UserInfo={_kCFStreamErrorDomainKey=12, _kCFStreamErrorCodeKey=8, _NSURLErrorNWResolutionReportKey=Resolved 0 endpoints in 1ms using unknown from cache, _NSURLErrorNWPathKey=satisfied (Path is satisfied), viable, interface: en0[802.11], ipv4, ipv6, dns, uses wifi}}, _NSURLErrorFailingURLSessionTaskErrorKey=LocalDataTask <92DFEC45-1CBC-4730-92E3-EB45305D8910>.<18>, _NSURLErrorRelatedURLSessionTaskErrorKey=(
    "LocalDataTask <92DFEC45-1CBC-4730-92E3-EB45305D8910>.<18>"
), NSLocalizedDescription=A server with the specified hostname could not be found., NSErrorFailingURLStringKey=http://curator.fountain.coach/api/v1/truth-table, NSErrorFailingURLKey=http://curator.fountain.coach/api/v1/truth-table, _kCFStreamErrorDomainKey=12})
[curator] warning: failed to warm truth table (Error Domain=NSURLErrorDomain Code=-1003 "A server with the specified hostname could not be found." UserInfo={_kCFStreamErrorCodeKey=8, NSUnderlyingError=0x600001976af0 {Error Domain=kCFErrorDomainCFNetwork Code=-1003 "(null)" UserInfo={_kCFStreamErrorDomainKey=12, _kCFStreamErrorCodeKey=8, _NSURLErrorNWResolutionReportKey=Resolved 0 endpoints in 0ms using unknown from cache, _NSURLErrorNWPathKey=satisfied (Path is satisfied), viable, interface: en0[802.11], ipv4, ipv6, dns, uses wifi}}, _NSURLErrorFailingURLSessionTaskErrorKey=LocalDataTask <A7EFBAAE-1D1A-4E37-8045-25BA90AA6EB4>.<19>, _NSURLErrorRelatedURLSessionTaskErrorKey=(
    "LocalDataTask <A7EFBAAE-1D1A-4E37-8045-25BA90AA6EB4>.<19>"
), NSLocalizedDescription=A server with the specified hostname could not be found., NSErrorFailingURLStringKey=http://curator.fountain.coach/api/v1/truth-table, NSErrorFailingURLKey=http://curator.fountain.coach/api/v1/truth-table, _kCFStreamErrorDomainKey=12})
[curator] warning: failed to warm truth table (Error Domain=NSURLErrorDomain Code=-1003 "A server with the specified hostname could not be found." UserInfo={_kCFStreamErrorCodeKey=8, NSUnderlyingError=0x60000196a430 {Error Domain=kCFErrorDomainCFNetwork Code=-1003 "(null)" UserInfo={_kCFStreamErrorDomainKey=12, _kCFStreamErrorCodeKey=8, _NSURLErrorNWResolutionReportKey=Resolved 0 endpoints in 1ms using unknown from cache, _NSURLErrorNWPathKey=satisfied (Path is satisfied), viable, interface: en0[802.11], ipv4, ipv6, dns, uses wifi}}, _NSURLErrorFailingURLSessionTaskErrorKey=LocalDataTask <086F1F11-82E0-4BCC-90F5-74CE10FAF91D>.<20>, _NSURLErrorRelatedURLSessionTaskErrorKey=(
    "LocalDataTask <086F1F11-82E0-4BCC-90F5-74CE10FAF91D>.<20>"
), NSLocalizedDescription=A server with the specified hostname could not be found., NSErrorFailingURLStringKey=http://curator.fountain.coach/api/v1/truth-table, NSErrorFailingURLKey=http://curator.fountain.coach/api/v1/truth-table, _kCFStreamErrorDomainKey=12})
[curator] warning: failed to warm truth table (Error Domain=NSURLErrorDomain Code=-1003 "A server with the specified hostname could not be found." UserInfo={_kCFStreamErrorCodeKey=8, NSUnderlyingError=0x60000196bb10 {Error Domain=kCFErrorDomainCFNetwork Code=-1003 "(null)" UserInfo={_kCFStreamErrorDomainKey=12, _kCFStreamErrorCodeKey=8, _NSURLErrorNWResolutionReportKey=Resolved 0 endpoints in 0ms using unknown from cache, _NSURLErrorNWPathKey=satisfied (Path is satisfied), viable, interface: en0[802.11], ipv4, ipv6, dns, uses wifi}}, _NSURLErrorFailingURLSessionTaskErrorKey=LocalDataTask <032DF670-2C62-40D0-8B6B-70D855870909>.<21>, _NSURLErrorRelatedURLSessionTaskErrorKey=(
    "LocalDataTask <032DF670-2C62-40D0-8B6B-70D855870909>.<21>"
), NSLocalizedDescription=A server with the specified hostname could not be found., NSErrorFailingURLStringKey=http://curator.fountain.coach/api/v1/truth-table, NSErrorFailingURLKey=http://curator.fountain.coach/api/v1/truth-table, _kCFStreamErrorDomainKey=12})
[curator] warning: failed to warm truth table (Error Domain=NSURLErrorDomain Code=-1003 "A server with the specified hostname could not be found." UserInfo={_kCFStreamErrorCodeKey=8, NSUnderlyingError=0x60000196b3f0 {Error Domain=kCFErrorDomainCFNetwork Code=-1003 "(null)" UserInfo={_kCFStreamErrorDomainKey=12, _kCFStreamErrorCodeKey=8, _NSURLErrorNWResolutionReportKey=Resolved 0 endpoints in 1ms using unknown from cache, _NSURLErrorNWPathKey=satisfied (Path is satisfied), viable, interface: en0[802.11], ipv4, ipv6, dns, uses wifi}}, _NSURLErrorFailingURLSessionTaskErrorKey=LocalDataTask <EE30AA39-9DD6-4D64-87A4-79A16388965A>.<22>, _NSURLErrorRelatedURLSessionTaskErrorKey=(
    "LocalDataTask <EE30AA39-9DD6-4D64-87A4-79A16388965A>.<22>"
), NSLocalizedDescription=A server with the specified hostname could not be found., NSErrorFailingURLStringKey=http://curator.fountain.coach/api/v1/truth-table, NSErrorFailingURLKey=http://curator.fountain.coach/api/v1/truth-table, _kCFStreamErrorDomainKey=12})
[curator] warning: failed to warm truth table (Error Domain=NSURLErrorDomain Code=-1003 "A server with the specified hostname could not be found." UserInfo={_kCFStreamErrorCodeKey=8, NSUnderlyingError=0x60000196c720 {Error Domain=kCFErrorDomainCFNetwork Code=-1003 "(null)" UserInfo={_kCFStreamErrorDomainKey=12, _kCFStreamErrorCodeKey=8, _NSURLErrorNWResolutionReportKey=Resolved 0 endpoints in 115ms using unknown from cache, _NSURLErrorNWPathKey=satisfied (Path is satisfied), viable, interface: en0[802.11], ipv4, ipv6, dns, uses wifi}}, _NSURLErrorFailingURLSessionTaskErrorKey=LocalDataTask <C991A942-9FC7-4CAA-A033-FEA10D27FE26>.<23>, _NSURLErrorRelatedURLSessionTaskErrorKey=(
    "LocalDataTask <C991A942-9FC7-4CAA-A033-FEA10D27FE26>.<23>"
), NSLocalizedDescription=A server with the specified hostname could not be found., NSErrorFailingURLStringKey=http://curator.fountain.coach/api/v1/truth-table, NSErrorFailingURLKey=http://curator.fountain.coach/api/v1/truth-table, _kCFStreamErrorDomainKey=12})
[curator] warning: failed to warm truth table (Error Domain=NSURLErrorDomain Code=-1003 "A server with the specified hostname could not be found." UserInfo={_kCFStreamErrorCodeKey=8, NSUnderlyingError=0x600001977210 {Error Domain=kCFErrorDomainCFNetwork Code=-1003 "(null)" UserInfo={_kCFStreamErrorDomainKey=12, _kCFStreamErrorCodeKey=8, _NSURLErrorNWResolutionReportKey=Resolved 0 endpoints in 1ms using unknown from cache, _NSURLErrorNWPathKey=satisfied (Path is satisfied), viable, interface: en0[802.11], ipv4, ipv6, dns, uses wifi}}, _NSURLErrorFailingURLSessionTaskErrorKey=LocalDataTask <29434DFC-87A1-4841-A185-1DA3F9FB41B5>.<24>, _NSURLErrorRelatedURLSessionTaskErrorKey=(
    "LocalDataTask <29434DFC-87A1-4841-A185-1DA3F9FB41B5>.<24>"
), NSLocalizedDescription=A server with the specified hostname could not be found., NSErrorFailingURLStringKey=http://curator.fountain.coach/api/v1/truth-table, NSErrorFailingURLKey=http://curator.fountain.coach/api/v1/truth-table, _kCFStreamErrorDomainKey=12})
[curator] warning: failed to warm truth table (Error Domain=NSURLErrorDomain Code=-1003 "A server with the specified hostname could not be found." UserInfo={_kCFStreamErrorCodeKey=8, NSUnderlyingError=0x60000196a520 {Error Domain=kCFErrorDomainCFNetwork Code=-1003 "(null)" UserInfo={_kCFStreamErrorDomainKey=12, _kCFStreamErrorCodeKey=8, _NSURLErrorNWResolutionReportKey=Resolved 0 endpoints in 1ms using unknown from cache, _NSURLErrorNWPathKey=satisfied (Path is satisfied), viable, interface: en0[802.11], ipv4, ipv6, dns, uses wifi}}, _NSURLErrorFailingURLSessionTaskErrorKey=LocalDataTask <89628DBD-9A2B-4558-AC8A-644A15FD5323>.<25>, _NSURLErrorRelatedURLSessionTaskErrorKey=(
    "LocalDataTask <89628DBD-9A2B-4558-AC8A-644A15FD5323>.<25>"
), NSLocalizedDescription=A server with the specified hostname could not be found., NSErrorFailingURLStringKey=http://curator.fountain.coach/api/v1/truth-table, NSErrorFailingURLKey=http://curator.fountain.coach/api/v1/truth-table, _kCFStreamErrorDomainKey=12})
[curator] warning: failed to warm truth table (Error Domain=NSURLErrorDomain Code=-1003 "A server with the specified hostname could not be found." UserInfo={_kCFStreamErrorCodeKey=8, NSUnderlyingError=0x600001975b30 {Error Domain=kCFErrorDomainCFNetwork Code=-1003 "(null)" UserInfo={_kCFStreamErrorDomainKey=12, _kCFStreamErrorCodeKey=8, _NSURLErrorNWResolutionReportKey=Resolved 0 endpoints in 109ms using unknown from cache, _NSURLErrorNWPathKey=satisfied (Path is satisfied), viable, interface: en0[802.11], ipv4, ipv6, dns, uses wifi}}, _NSURLErrorFailingURLSessionTaskErrorKey=LocalDataTask <30BF2F17-5407-4A7F-B4D8-9BCDD440609A>.<26>, _NSURLErrorRelatedURLSessionTaskErrorKey=(
    "LocalDataTask <30BF2F17-5407-4A7F-B4D8-9BCDD440609A>.<26>"
), NSLocalizedDescription=A server with the specified hostname could not be found., NSErrorFailingURLStringKey=http://curator.fountain.coach/api/v1/truth-table, NSErrorFailingURLKey=http://curator.fountain.coach/api/v1/truth-table, _kCFStreamErrorDomainKey=12})
[curator] warning: failed to warm truth table (Error Domain=NSURLErrorDomain Code=-1003 "A server with the specified hostname could not be found." UserInfo={_kCFStreamErrorCodeKey=8, NSUnderlyingError=0x600001963ba0 {Error Domain=kCFErrorDomainCFNetwork Code=-1003 "(null)" UserInfo={_kCFStreamErrorDomainKey=12, _kCFStreamErrorCodeKey=8, _NSURLErrorNWResolutionReportKey=Resolved 0 endpoints in 1ms using unknown from cache, _NSURLErrorNWPathKey=satisfied (Path is satisfied), viable, interface: en0[802.11], ipv4, ipv6, dns, uses wifi}}, _NSURLErrorFailingURLSessionTaskErrorKey=LocalDataTask <9EDEF7FD-1067-497E-9206-6B60ABDEBD97>.<27>, _NSURLErrorRelatedURLSessionTaskErrorKey=(
    "LocalDataTask <9EDEF7FD-1067-497E-9206-6B60ABDEBD97>.<27>"
), NSLocalizedDescription=A server with the specified hostname could not be found., NSErrorFailingURLStringKey=http://curator.fountain.coach/api/v1/truth-table, NSErrorFailingURLKey=http://curator.fountain.coach/api/v1/truth-table, _kCFStreamErrorDomainKey=12})
[curator] warning: failed to warm truth table (Error Domain=NSURLErrorDomain Code=-1003 "A server with the specified hostname could not be found." UserInfo={_kCFStreamErrorCodeKey=8, NSUnderlyingError=0x6000019663d0 {Error Domain=kCFErrorDomainCFNetwork Code=-1003 "(null)" UserInfo={_kCFStreamErrorDomainKey=12, _kCFStreamErrorCodeKey=8, _NSURLErrorNWResolutionReportKey=Resolved 0 endpoints in 1ms using unknown from cache, _NSURLErrorNWPathKey=satisfied (Path is satisfied), viable, interface: en0[802.11], ipv4, ipv6, dns, uses wifi}}, _NSURLErrorFailingURLSessionTaskErrorKey=LocalDataTask <1A03F677-3E5B-4D1C-847A-94E94610F11C>.<28>, _NSURLErrorRelatedURLSessionTaskErrorKey=(
    "LocalDataTask <1A03F677-3E5B-4D1C-847A-94E94610F11C>.<28>"
), NSLocalizedDescription=A server with the specified hostname could not be found., NSErrorFailingURLStringKey=http://curator.fountain.coach/api/v1/truth-table, NSErrorFailingURLKey=http://curator.fountain.coach/api/v1/truth-table, _kCFStreamErrorDomainKey=12})
[curator] warning: failed to warm truth table (Error Domain=NSURLErrorDomain Code=-1003 "A server with the specified hostname could not be found." UserInfo={_kCFStreamErrorCodeKey=8, NSUnderlyingError=0x60000196c060 {Error Domain=kCFErrorDomainCFNetwork Code=-1003 "(null)" UserInfo={_kCFStreamErrorDomainKey=12, _kCFStreamErrorCodeKey=8, _NSURLErrorNWResolutionReportKey=Resolved 0 endpoints in 81ms using unknown from cache, _NSURLErrorNWPathKey=satisfied (Path is satisfied), viable, interface: en0[802.11], ipv4, ipv6, dns, uses wifi}}, _NSURLErrorFailingURLSessionTaskErrorKey=LocalDataTask <C27ADF83-E210-4455-B631-8F80ADD18849>.<29>, _NSURLErrorRelatedURLSessionTaskErrorKey=(
    "LocalDataTask <C27ADF83-E210-4455-B631-8F80ADD18849>.<29>"
), NSLocalizedDescription=A server with the specified hostname could not be found., NSErrorFailingURLStringKey=http://curator.fountain.coach/api/v1/truth-table, NSErrorFailingURLKey=http://curator.fountain.coach/api/v1/truth-table, _kCFStreamErrorDomainKey=12})
[curator] warning: failed to warm truth table (Error Domain=NSURLErrorDomain Code=-1003 "A server with the specified hostname could not be found." UserInfo={_kCFStreamErrorCodeKey=8, NSUnderlyingError=0x600001976a00 {Error Domain=kCFErrorDomainCFNetwork Code=-1003 "(null)" UserInfo={_kCFStreamErrorDomainKey=12, _kCFStreamErrorCodeKey=8, _NSURLErrorNWResolutionReportKey=Resolved 0 endpoints in 37ms using unknown from cache, _NSURLErrorNWPathKey=satisfied (Path is satisfied), viable, interface: en0[802.11], ipv4, ipv6, dns, uses wifi}}, _NSURLErrorFailingURLSessionTaskErrorKey=LocalDataTask <18F78799-6CF2-4155-8BE9-15DC3FAA6CB1>.<30>, _NSURLErrorRelatedURLSessionTaskErrorKey=(
    "LocalDataTask <18F78799-6CF2-4155-8BE9-15DC3FAA6CB1>.<30>"
), NSLocalizedDescription=A server with the specified hostname could not be found., NSErrorFailingURLStringKey=http://curator.fountain.coach/api/v1/truth-table, NSErrorFailingURLKey=http://curator.fountain.coach/api/v1/truth-table, _kCFStreamErrorDomainKey=12})
[curator] warning: failed to warm truth table (Error Domain=NSURLErrorDomain Code=-1003 "A server with the specified hostname could not be found." UserInfo={_kCFStreamErrorCodeKey=8, NSUnderlyingError=0x600001950120 {Error Domain=kCFErrorDomainCFNetwork Code=-1003 "(null)" UserInfo={_kCFStreamErrorDomainKey=12, _kCFStreamErrorCodeKey=8, _NSURLErrorNWResolutionReportKey=Resolved 0 endpoints in 2ms using unknown from cache, _NSURLErrorNWPathKey=satisfied (Path is satisfied), viable, interface: en0[802.11], ipv4, ipv6, dns, uses wifi}}, _NSURLErrorFailingURLSessionTaskErrorKey=LocalDataTask <AE31EA43-5775-4742-AEDA-3B894B11BF71>.<31>, _NSURLErrorRelatedURLSessionTaskErrorKey=(
    "LocalDataTask <AE31EA43-5775-4742-AEDA-3B894B11BF71>.<31>"
), NSLocalizedDescription=A server with the specified hostname could not be found., NSErrorFailingURLStringKey=http://curator.fountain.coach/api/v1/truth-table, NSErrorFailingURLKey=http://curator.fountain.coach/api/v1/truth-table, _kCFStreamErrorDomainKey=12})
{"deleted":0,"kind":"attachmentCleanup","level":"info","scanned":0,"skipped":0,"timestamp":"2025-10-19T10:57:40.239Z","ttlSeconds":86400}
-> GET /metrics
-> GET /metrics
-> GET /metrics
-> GET /metrics
{"deleted":0,"kind":"attachmentCleanup","level":"info","scanned":0,"skipped":0,"timestamp":"2025-10-19T11:13:40.203Z","ttlSeconds":86400}
-> GET /metrics
-> GET /metrics
-> GET /metrics
{"deleted":0,"kind":"attachmentCleanup","level":"info","scanned":0,"skipped":0,"timestamp":"2025-10-19T11:28:53.960Z","ttlSeconds":86400}
-> GET /metrics
{"deleted":0,"kind":"attachmentCleanup","level":"info","scanned":0,"skipped":0,"timestamp":"2025-10-19T11:44:53.948Z","ttlSeconds":86400}
-> GET /metrics
-> GET /metrics
{"deleted":0,"kind":"attachmentCleanup","level":"info","scanned":0,"skipped":0,"timestamp":"2025-10-19T12:00:53.948Z","ttlSeconds":86400}
-> GET /metrics
{"deleted":0,"kind":"attachmentCleanup","level":"info","scanned":0,"skipped":0,"timestamp":"2025-10-19T12:16:53.945Z","ttlSeconds":86400}
-> GET /metrics
{"deleted":0,"kind":"attachmentCleanup","level":"info","scanned":0,"skipped":0,"timestamp":"2025-10-19T12:32:53.942Z","ttlSeconds":86400}
-> GET /metrics
{"deleted":0,"kind":"attachmentCleanup","level":"info","scanned":0,"skipped":0,"timestamp":"2025-10-19T12:48:53.942Z","ttlSeconds":86400}
{"deleted":0,"kind":"attachmentCleanup","level":"info","scanned":0,"skipped":0,"timestamp":"2025-10-19T13:04:53.882Z","ttlSeconds":86400}
{"deleted":0,"kind":"attachmentCleanup","level":"info","scanned":0,"skipped":0,"timestamp":"2025-10-19T13:20:53.875Z","ttlSeconds":86400}
-> GET /metrics
-> GET /metrics
{"deleted":0,"kind":"attachmentCleanup","level":"info","scanned":0,"skipped":0,"timestamp":"2025-10-19T13:35:59.748Z","ttlSeconds":86400}
-> GET /metrics
{"deleted":0,"kind":"attachmentCleanup","level":"info","scanned":0,"skipped":0,"timestamp":"2025-10-19T13:51:59.684Z","ttlSeconds":86400}
-> GET /metrics
{"deleted":0,"kind":"attachmentCleanup","level":"info","scanned":0,"skipped":0,"timestamp":"2025-10-19T14:07:59.680Z","ttlSeconds":86400}
{"deleted":0,"kind":"attachmentCleanup","level":"info","scanned":0,"skipped":0,"timestamp":"2025-10-19T14:23:59.664Z","ttlSeconds":86400}
-> GET /metrics
-> GET /metrics
{"deleted":0,"kind":"attachmentCleanup","level":"info","scanned":0,"skipped":0,"timestamp":"2025-10-19T14:39:59.659Z","ttlSeconds":86400}
-> GET /metrics
-> GET /metrics
{"deleted":0,"kind":"attachmentCleanup","level":"info","scanned":0,"skipped":0,"timestamp":"2025-10-19T14:55:10.264Z","ttlSeconds":86400}
-> GET /metrics
{"deleted":0,"kind":"attachmentCleanup","level":"info","scanned":0,"skipped":0,"timestamp":"2025-10-19T15:11:10.264Z","ttlSeconds":86400}
{"deleted":0,"kind":"attachmentCleanup","level":"info","scanned":0,"skipped":0,"timestamp":"2025-10-19T15:27:10.135Z","ttlSeconds":86400}
-> GET /metrics
-> GET /metrics
{"deleted":0,"kind":"attachmentCleanup","level":"info","scanned":0,"skipped":0,"timestamp":"2025-10-19T15:43:10.126Z","ttlSeconds":86400}
-> GET /metrics
{"deleted":0,"kind":"attachmentCleanup","level":"info","scanned":0,"skipped":0,"timestamp":"2025-10-19T15:59:10.119Z","ttlSeconds":86400}
-> GET /metrics
{"deleted":0,"kind":"attachmentCleanup","level":"info","scanned":0,"skipped":0,"timestamp":"2025-10-19T16:15:10.108Z","ttlSeconds":86400}
-> GET /metrics
{"deleted":0,"kind":"attachmentCleanup","level":"info","scanned":0,"skipped":0,"timestamp":"2025-10-19T16:31:10.103Z","ttlSeconds":86400}
-> GET /metrics
-> GET /metrics
{"deleted":0,"kind":"attachmentCleanup","level":"info","scanned":0,"skipped":0,"timestamp":"2025-10-19T16:47:10.109Z","ttlSeconds":86400}
-> GET /metrics
{"deleted":0,"kind":"attachmentCleanup","level":"info","scanned":0,"skipped":0,"timestamp":"2025-10-19T17:03:10.110Z","ttlSeconds":86400}
{"deleted":0,"kind":"attachmentCleanup","level":"info","scanned":0,"skipped":0,"timestamp":"2025-10-19T17:19:10.108Z","ttlSeconds":86400}
-> GET /metrics
{"deleted":0,"kind":"attachmentCleanup","level":"info","scanned":0,"skipped":0,"timestamp":"2025-10-19T17:35:10.103Z","ttlSeconds":86400}
{"deleted":0[curator] warning: failed to warm truth table (Error Domain=NSURLErrorDomain Code=-1003 "A server with the specified hostname could not be found." UserInfo={_kCFStreamErrorCodeKey=8, NSUnderlyingError=0x6000019692c0 {Error Domain=kCFErrorDomainCFNetwork Code=-1003 "(null)" UserInfo={_kCFStreamErrorDomainKey=12, _kCFStreamErrorCodeKey=8, _NSURLErrorNWResolutionReportKey=Resolved 0 endpoints in 1ms using unknown from cache, _NSURLErrorNWPathKey=satisfied (Path is satisfied), viable, interface: en0[802.11], ipv4, ipv6, dns, uses wifi}}, _NSURLErrorFailingURLSessionTaskErrorKey=LocalDataTask <1A514824-F6A8-4DD5-8E19-5E8AB31E4800>.<32>, _NSURLErrorRelatedURLSessionTaskErrorKey=(
    "LocalDataTask <1A514824-F6A8-4DD5-8E19-5E8AB31E4800>.<32>"
), NSLocalizedDescription=A server with the specified hostname could not be found., NSErrorFailingURLStringKey=http://curator.fountain.coach/api/v1/truth-table, NSErrorFailingURLKey=http://curator.fountain.coach/api/v1/truth-table, _kCFStreamErrorDomainKey=12})
[curator] warning: failed to warm truth table (Error Domain=NSURLErrorDomain Code=-1003 "A server with the specified hostname could not be found." UserInfo={_kCFStreamErrorCodeKey=8, NSUnderlyingError=0x600001975770 {Error Domain=kCFErrorDomainCFNetwork Code=-1003 "(null)" UserInfo={_kCFStreamErrorDomainKey=12, _kCFStreamErrorCodeKey=8, _NSURLErrorNWResolutionReportKey=Resolved 0 endpoints in 74ms using unknown from cache, _NSURLErrorNWPathKey=satisfied (Path is satisfied), viable, interface: en0[802.11], ipv4, ipv6, dns, uses wifi}}, _NSURLErrorFailingURLSessionTaskErrorKey=LocalDataTask <DFD77A36-9E59-41C9-89AD-E2BD05FE57CB>.<33>, _NSURLErrorRelatedURLSessionTaskErrorKey=(
    "LocalDataTask <DFD77A36-9E59-41C9-89AD-E2BD05FE57CB>.<33>"
), NSLocalizedDescription=A server with the specified hostname could not be found., NSErrorFailingURLStringKey=http://curator.fountain.coach/api/v1/truth-table, NSErrorFailingURLKey=http://curator.fountain.coach/api/v1/truth-table, _kCFStreamErrorDomainKey=12})
